<?xml version="1.0" encoding="UTF-8"?>
<!-- Generated by org.testng.reporters.JUnitReportReporter -->
<testsuite hostname="DESKTOP-5RSDLMD" failures="0" tests="2" name="parllel_methods1.All_Tests" time="114.693" errors="0" timestamp="2023-06-20T16:05:11 IST" skipped="0">
  <testcase classname="parllel_methods1.All_Tests" name="SkillsTest" time="60.781"/>
  <testcase classname="parllel_methods1.All_Tests" name="NationalityTest" time="53.912"/>
</testsuite> <!-- parllel_methods1.All_Tests -->
