<?xml version="1.0" encoding="UTF-8"?>
<!-- Generated by org.testng.reporters.JUnitReportReporter -->
<testsuite hostname="DESKTOP-5RSDLMD" failures="0" tests="1" name="dropdown.WithoutselectTag" time="89.352" errors="0" timestamp="2023-06-20T15:17:53 IST" skipped="0">
  <testcase classname="dropdown.WithoutselectTag" name="f" time="89.352"/>
</testsuite> <!-- dropdown.WithoutselectTag -->
