<?xml version="1.0" encoding="UTF-8"?>
<!-- Generated by org.testng.reporters.JUnitReportReporter -->
<testsuite hostname="DESKTOP-5RSDLMD" failures="0" tests="1" name="dropdown.withSelectTag" time="14.099" errors="0" timestamp="2023-06-20T15:17:53 IST" skipped="0">
  <testcase classname="dropdown.withSelectTag" name="f" time="14.099"/>
</testsuite> <!-- dropdown.withSelectTag -->
