<?xml version="1.0" encoding="UTF-8"?>
<!-- Generated by org.testng.reporters.JUnitReportReporter -->
<testsuite hostname="DESKTOP-5RSDLMD" failures="0" tests="1" name="frames.frame_by_webelement" time="13.745" errors="0" timestamp="2023-06-20T14:45:12 IST" skipped="0">
  <testcase classname="frames.frame_by_webelement" name="samp" time="13.745"/>
</testsuite> <!-- frames.frame_by_webelement -->
