<?xml version="1.0" encoding="UTF-8"?>
<!-- Generated by org.testng.reporters.JUnitReportReporter -->
<testsuite hostname="DESKTOP-5RSDLMD" failures="0" tests="1" name="dropdown.practicedropdown" time="111.092" errors="0" timestamp="2023-06-20T15:17:53 IST" skipped="0">
  <testcase classname="dropdown.practicedropdown" name="f" time="111.092"/>
</testsuite> <!-- dropdown.practicedropdown -->
