<?xml version="1.0" encoding="UTF-8"?>
<!-- Generated by org.testng.reporters.JUnitReportReporter -->
<testsuite hostname="DESKTOP-5RSDLMD" failures="0" tests="1" name="frames.frame_by_name" time="15.181" errors="0" timestamp="2023-06-20T14:45:12 IST" skipped="0">
  <testcase classname="frames.frame_by_name" name="samp" time="15.181"/>
</testsuite> <!-- frames.frame_by_name -->
